d:\code\cpp_code\source_code_integration\tmp\x64\debug\cpp_pp\vc143.pdb
d:\code\cpp_code\source_code_integration\tmp\x64\debug\cpp_pp\vc143.idb
d:\code\cpp_code\source_code_integration\tmp\x64\debug\cpp_pp\12.10.2.obj
d:\code\cpp_code\source_code_integration\tmp\x64\debug\cpp_pp\12.10.1.obj
d:\code\cpp_code\source_code_integration\tmp\x64\debug\cpp_pp\11.9.7.obj
d:\code\cpp_code\source_code_integration\tmp\x64\debug\cpp_pp\11.9.6.obj
d:\code\cpp_code\source_code_integration\tmp\x64\debug\cpp_pp\11.9.5.obj
d:\code\cpp_code\source_code_integration\tmp\x64\debug\cpp_pp\11.9.4.obj
d:\code\cpp_code\source_code_integration\tmp\x64\debug\cpp_pp\11.9.3.obj
d:\code\cpp_code\source_code_integration\tmp\x64\debug\cpp_pp\11.9.2.obj
d:\code\cpp_code\source_code_integration\tmp\x64\debug\cpp_pp\11.9.1.obj
d:\code\cpp_code\source_code_integration\tmp\x64\debug\cpp_pp\11.8.7.obj
d:\code\cpp_code\source_code_integration\tmp\x64\debug\cpp_pp\11.8.1.obj
d:\code\cpp_code\source_code_integration\tmp\x64\debug\cpp_pp\10.9.7.obj
d:\code\cpp_code\source_code_integration\tmp\x64\debug\cpp_pp\10.10.8.obj
d:\code\cpp_code\source_code_integration\tmp\x64\debug\cpp_pp\10.10.7.obj
d:\code\cpp_code\source_code_integration\tmp\x64\debug\cpp_pp\10.10.6.obj
d:\code\cpp_code\source_code_integration\tmp\x64\debug\cpp_pp\10.10.5.obj
d:\code\cpp_code\source_code_integration\tmp\x64\debug\cpp_pp\10.10.4.obj
d:\code\cpp_code\source_code_integration\tmp\x64\debug\cpp_pp\10.10.3.obj
d:\code\cpp_code\source_code_integration\tmp\x64\debug\cpp_pp\10.10.2.obj
d:\code\cpp_code\source_code_integration\tmp\x64\debug\cpp_pp\10.10.1.obj
d:\code\cpp_code\source_code_integration\tmp\x64\debug\cpp_pp\16.10.10.obj
d:\code\cpp_code\source_code_integration\tmp\x64\debug\cpp_pp\16.10.10.1.obj
d:\code\cpp_code\source_code_integration\tmp\x64\debug\cpp_pp\15.8.4.obj
d:\code\cpp_code\source_code_integration\tmp\x64\debug\cpp_pp\15.8.1.obj
d:\code\cpp_code\source_code_integration\tmp\x64\debug\cpp_pp\15.7.6.obj
d:\code\cpp_code\source_code_integration\tmp\x64\debug\cpp_pp\14.7.5.obj
d:\code\cpp_code\source_code_integration\tmp\x64\debug\cpp_pp\14.7.4.obj
d:\code\cpp_code\source_code_integration\tmp\x64\debug\cpp_pp\14.7.3.obj
d:\code\cpp_code\source_code_integration\tmp\x64\debug\cpp_pp\14.7.2.obj
d:\code\cpp_code\source_code_integration\tmp\x64\debug\cpp_pp\14.7.1.obj
d:\code\cpp_code\source_code_integration\tmp\x64\debug\cpp_pp\14.6.3.obj
d:\code\cpp_code\source_code_integration\tmp\x64\debug\cpp_pp\14.6.2.obj
d:\code\cpp_code\source_code_integration\tmp\x64\debug\cpp_pp\13.11.4.obj
d:\code\cpp_code\source_code_integration\tmp\x64\debug\cpp_pp\13.11.3.obj
d:\code\cpp_code\source_code_integration\tmp\x64\debug\cpp_pp\13.11.2.obj
d:\code\cpp_code\source_code_integration\tmp\x64\debug\cpp_pp\13.11.1.obj
d:\code\cpp_code\source_code_integration\tmp\x64\debug\cpp_pp\12.10.6.obj
d:\code\cpp_code\source_code_integration\tmp\x64\debug\cpp_pp\12.10.5.obj
d:\code\cpp_code\source_code_integration\tmp\x64\debug\cpp_pp\12.10.4.obj
d:\code\cpp_code\source_code_integration\tmp\x64\debug\cpp_pp\12.10.3.obj
d:\code\cpp_code\source_code_integration\tmp\x64\debug\cpp_pp\cxqd12.2.obj
d:\code\cpp_code\source_code_integration\tmp\x64\debug\cpp_pp\cxqd12.11.obj
d:\code\cpp_code\source_code_integration\tmp\x64\debug\cpp_pp\cxqd11.8.obj
d:\code\cpp_code\source_code_integration\tmp\x64\debug\cpp_pp\cxqd11.5.obj
d:\code\cpp_code\source_code_integration\tmp\x64\debug\cpp_pp\cxqd11.20.obj
d:\code\cpp_code\source_code_integration\tmp\x64\debug\cpp_pp\cxqd11.2.obj
d:\code\cpp_code\source_code_integration\tmp\x64\debug\cpp_pp\cxqd11.17.obj
d:\code\cpp_code\source_code_integration\tmp\x64\debug\cpp_pp\cxqd11.14.obj
d:\code\cpp_code\source_code_integration\tmp\x64\debug\cpp_pp\cxqd11.11.obj
d:\code\cpp_code\source_code_integration\tmp\x64\debug\cpp_pp\cxqd10.8.obj
d:\code\cpp_code\source_code_integration\tmp\x64\debug\cpp_pp\cxqd10.5.obj
d:\code\cpp_code\source_code_integration\tmp\x64\debug\cpp_pp\cxqd10.2.obj
d:\code\cpp_code\source_code_integration\tmp\x64\debug\cpp_pp\cxqd10.11.obj
d:\code\cpp_code\source_code_integration\tmp\x64\debug\cpp_pp\code(chapter 2~18).obj
d:\code\cpp_code\source_code_integration\tmp\x64\debug\cpp_pp\9.6.4.obj
d:\code\cpp_code\source_code_integration\tmp\x64\debug\cpp_pp\9.6.1.obj
d:\code\cpp_code\source_code_integration\tmp\x64\debug\cpp_pp\18.12.2.obj
d:\code\cpp_code\source_code_integration\tmp\x64\debug\cpp_pp\17.8.6.obj
d:\code\cpp_code\source_code_integration\tmp\x64\debug\cpp_pp\16.9.10.obj
d:\code\cpp_code\source_code_integration\tmp\x64\debug\cpp_pp\16.10.6.obj
d:\code\cpp_code\source_code_integration\tmp\x64\debug\cpp_pp\cxqd9.12.obj
d:\code\cpp_code\source_code_integration\tmp\x64\debug\cpp_pp\cxqd9.1.obj
d:\code\cpp_code\source_code_integration\tmp\x64\debug\cpp_pp\cxqd18.3.obj
d:\code\cpp_code\source_code_integration\tmp\x64\debug\cpp_pp\cxqd18.2.obj
d:\code\cpp_code\source_code_integration\tmp\x64\debug\cpp_pp\cxqd18.2.1.obj
d:\code\cpp_code\source_code_integration\tmp\x64\debug\cpp_pp\cxqd16.9.obj
d:\code\cpp_code\source_code_integration\tmp\x64\debug\cpp_pp\cxqd16.8.obj
d:\code\cpp_code\source_code_integration\tmp\x64\debug\cpp_pp\cxqd15.4.obj
d:\code\cpp_code\source_code_integration\tmp\x64\debug\cpp_pp\cxqd15.2.obj
d:\code\cpp_code\source_code_integration\tmp\x64\debug\cpp_pp\cxqd15.15.obj
d:\code\cpp_code\source_code_integration\tmp\x64\debug\cpp_pp\cxqd14.8.obj
d:\code\cpp_code\source_code_integration\tmp\x64\debug\cpp_pp\cxqd14.5.obj
d:\code\cpp_code\source_code_integration\tmp\x64\debug\cpp_pp\cxqd14.2.obj
d:\code\cpp_code\source_code_integration\tmp\x64\debug\cpp_pp\cxqd14.11.obj
d:\code\cpp_code\source_code_integration\tmp\x64\debug\cpp_pp\cxqd13.8.obj
d:\code\cpp_code\source_code_integration\tmp\x64\debug\cpp_pp\cxqd13.5.obj
d:\code\cpp_code\source_code_integration\tmp\x64\debug\cpp_pp\cxqd13.2.obj
d:\code\cpp_code\source_code_integration\tmp\x64\debug\cpp_pp\cxqd13.15.obj
d:\code\cpp_code\source_code_integration\tmp\x64\debug\cpp_pp\cxqd13.12.obj
d:\code\cpp_code\source_code_integration\tmp\x64\debug\cpp_pp\cxqd12.5.obj
d:\code\cpp_code\source_code_integration\tmp\x64\debug\cpp_pp\cxqd9.6.obj
d:\code\cpp_code\source_code_integration\tmp\x64\debug\cpp_pp\cxqd9.5.obj
d:\code\cpp_code\source_code_integration\/bin/x64/debug/cpp_pp.pdb
d:\code\cpp_code\source_code_integration\/tmp/x64/debug/cpp_pp/cpp_pp.vcxproj.filelistabsolute.txt
d:\code\cpp_code\source_code_integration\tmp\x64\debug\cpp_pp\cpp_pp.tlog\cl.command.1.tlog
d:\code\cpp_code\source_code_integration\tmp\x64\debug\cpp_pp\cpp_pp.tlog\cl.items.tlog
d:\code\cpp_code\source_code_integration\tmp\x64\debug\cpp_pp\cpp_pp.tlog\cl.read.1.tlog
d:\code\cpp_code\source_code_integration\tmp\x64\debug\cpp_pp\cpp_pp.tlog\cl.write.1.tlog
d:\code\cpp_code\source_code_integration\tmp\x64\debug\cpp_pp\cpp_pp.tlog\link-cvtres.read.1.tlog
d:\code\cpp_code\source_code_integration\tmp\x64\debug\cpp_pp\cpp_pp.tlog\link-cvtres.write.1.tlog
d:\code\cpp_code\source_code_integration\tmp\x64\debug\cpp_pp\cpp_pp.tlog\link-rc.read.1.tlog
d:\code\cpp_code\source_code_integration\tmp\x64\debug\cpp_pp\cpp_pp.tlog\link-rc.write.1.tlog
d:\code\cpp_code\source_code_integration\tmp\x64\debug\cpp_pp\cpp_pp.tlog\link.31544-cvtres.read.1.tlog
d:\code\cpp_code\source_code_integration\tmp\x64\debug\cpp_pp\cpp_pp.tlog\link.31544-cvtres.write.1.tlog
d:\code\cpp_code\source_code_integration\tmp\x64\debug\cpp_pp\cpp_pp.tlog\link.31544-rc.read.1.tlog
d:\code\cpp_code\source_code_integration\tmp\x64\debug\cpp_pp\cpp_pp.tlog\link.31544-rc.write.1.tlog
d:\code\cpp_code\source_code_integration\tmp\x64\debug\cpp_pp\cpp_pp.tlog\link.31544.read.1.tlog
d:\code\cpp_code\source_code_integration\tmp\x64\debug\cpp_pp\cpp_pp.tlog\link.31544.read.2.tlog
d:\code\cpp_code\source_code_integration\tmp\x64\debug\cpp_pp\cpp_pp.tlog\link.31544.write.1.tlog
d:\code\cpp_code\source_code_integration\tmp\x64\debug\cpp_pp\cpp_pp.tlog\link.command.1.tlog
d:\code\cpp_code\source_code_integration\tmp\x64\debug\cpp_pp\cpp_pp.tlog\link.read.1.tlog
d:\code\cpp_code\source_code_integration\tmp\x64\debug\cpp_pp\cpp_pp.tlog\link.read.2.tlog
d:\code\cpp_code\source_code_integration\tmp\x64\debug\cpp_pp\cpp_pp.tlog\link.write.1.tlog
