  10.10.1.cpp
  10.10.2.cpp
  10.10.3.cpp
  10.10.4.cpp
  10.10.5.cpp
  10.10.6.cpp
  10.10.7.cpp
  10.10.8.cpp
  10.9.7.cpp
  11.8.1.cpp
  11.8.7.cpp
  11.9.1.cpp
  11.9.2.cpp
  11.9.3.cpp
  11.9.4.cpp
  11.9.5.cpp
  11.9.6.cpp
  11.9.7.cpp
  12.10.1.cpp
  12.10.2.cpp
  正在生成代码...
  正在编译...
  12.10.3.cpp
  12.10.4.cpp
  12.10.5.cpp
  12.10.6.cpp
  13.11.1.cpp
  13.11.2.cpp
  13.11.3.cpp
  13.11.4.cpp
  14.6.2.cpp
  14.6.3.cpp
  14.7.1.cpp
  14.7.2.cpp
  14.7.3.cpp
  14.7.4.cpp
  14.7.5.cpp
  15.7.6.cpp
  15.8.1.cpp
  15.8.4.cpp
  16.10.10.1.cpp
  16.10.10.cpp
  正在生成代码...
  正在编译...
  16.10.6.cpp
  16.9.10.cpp
  17.8.6.cpp
  18.12.2.cpp
  9.6.1.cpp
  9.6.4.cpp
  code(chapter 2~18).cpp
  cxqd10.11.cpp
  cxqd10.2.cpp
  cxqd10.5.cpp
  cxqd10.8.cpp
  cxqd11.11.cpp
  cxqd11.14.cpp
  cxqd11.17.cpp
  cxqd11.2.cpp
  cxqd11.20.cpp
  cxqd11.5.cpp
  cxqd11.8.cpp
  cxqd12.11.cpp
  cxqd12.2.cpp
  正在生成代码...
  正在编译...
  cxqd12.5.cpp
  cxqd13.12.cpp
  cxqd13.15.cpp
  cxqd13.2.cpp
  cxqd13.5.cpp
  cxqd13.8.cpp
  cxqd14.11.cpp
  cxqd14.2.cpp
  cxqd14.5.cpp
  cxqd14.8.cpp
  cxqd15.15.cpp
  cxqd15.2.cpp
  cxqd15.4.cpp
  cxqd16.8.cpp
  cxqd16.9.cpp
  cxqd18.2.1.cpp
  cxqd18.2.cpp
  cxqd18.3.cpp
  cxqd9.1.cpp
  cxqd9.12.cpp
  正在生成代码...
  正在编译...
  cxqd9.5.cpp
  cxqd9.6.cpp
  正在生成代码...
code(chapter 2~18).obj : error LNK2019: 无法解析的外部符号 "struct polar __cdecl rect_to_polar(struct rect)" (?rect_to_polar@@YA?AUpolar@@Urect@@@Z)，函数 main 中引用了该符号
code(chapter 2~18).obj : error LNK2019: 无法解析的外部符号 "void __cdecl show_polar(struct polar)" (?show_polar@@YAXUpolar@@@Z)，函数 main 中引用了该符号
D:\CODE\CPP_CODE\Source_code_integration\\bin\x64\Debug\CPP_PP.exe : fatal error LNK1120: 2 个无法解析的外部命令
