  code3.cpp
D:\Program Files\Microsoft Visual Studio\2022\Community\VC\Tools\MSVC\14.31.31103\include\xmemory(680,47): error C3074: 无法使用带圆括号的初始值设定项初始化数组
D:\Program Files\Microsoft Visual Studio\2022\Community\VC\Tools\MSVC\14.31.31103\include\xtree(804): message : 查看对正在编译的函数 模板 实例化“void std::_Default_allocator_traits<_Alloc>::construct<_Ty,const char(&)[20]>(_Alloc &,_Objty (*const ),const char (&)[20])”的引用
          with
          [
              _Alloc=std::allocator<std::_Tree_node<char [20],std::_Default_allocator_traits<std::allocator<char [20]>>::void_pointer>>,
              _Ty=char [20],
              _Objty=char [20]
          ]
D:\Program Files\Microsoft Visual Studio\2022\Community\VC\Tools\MSVC\14.31.31103\include\xtree(805): message : 查看对正在编译的函数 模板 实例化“void std::_Default_allocator_traits<_Alloc>::construct<_Ty,const char(&)[20]>(_Alloc &,_Objty (*const ),const char (&)[20])”的引用
          with
          [
              _Alloc=std::allocator<std::_Tree_node<char [20],std::_Default_allocator_traits<std::allocator<char [20]>>::void_pointer>>,
              _Ty=char [20],
              _Objty=char [20]
          ]
D:\Program Files\Microsoft Visual Studio\2022\Community\VC\Tools\MSVC\14.31.31103\include\xtree(1040): message : 查看对正在编译的函数 模板 实例化“std::_Tree_temp_node<std::allocator<std::_Tree_node<char [20],std::_Default_allocator_traits<_Alloc>::void_pointer>>>::_Tree_temp_node<const char(&)[20]>(_Alnode &,std::_Tree_node<char [20],std::_Default_allocator_traits<_Alloc>::void_pointer> *,const char (&)[20])”的引用
          with
          [
              _Alloc=std::allocator<char [20]>,
              _Alnode=std::allocator<std::_Tree_node<char [20],std::_Default_allocator_traits<std::allocator<char [20]>>::void_pointer>>
          ]
D:\Program Files\Microsoft Visual Studio\2022\Community\VC\Tools\MSVC\14.31.31103\include\xtree(1052): message : 查看对正在编译的函数 模板 实例化“std::_Tree_temp_node<std::allocator<std::_Tree_node<char [20],std::_Default_allocator_traits<_Alloc>::void_pointer>>>::_Tree_temp_node<const char(&)[20]>(_Alnode &,std::_Tree_node<char [20],std::_Default_allocator_traits<_Alloc>::void_pointer> *,const char (&)[20])”的引用
          with
          [
              _Alloc=std::allocator<char [20]>,
              _Alnode=std::allocator<std::_Tree_node<char [20],std::_Default_allocator_traits<std::allocator<char [20]>>::void_pointer>>
          ]
D:\Program Files\Microsoft Visual Studio\2022\Community\VC\Tools\MSVC\14.31.31103\include\xtree(1264): message : 查看对正在编译的函数 模板 实例化“std::_Tree_node<char [20],std::_Default_allocator_traits<_Alloc>::void_pointer> *std::_Tree<std::_Tset_traits<_Kty,_Pr,_Alloc,false>>::_Emplace_hint<const char(&)[20]>(std::_Tree_node<char [20],std::_Default_allocator_traits<_Alloc>::void_pointer> *const ,const char (&)[20])”的引用
          with
          [
              _Alloc=std::allocator<char [20]>,
              _Kty=char [20],
              _Pr=std::less<char [20]>
          ]
D:\Program Files\Microsoft Visual Studio\2022\Community\VC\Tools\MSVC\14.31.31103\include\xtree(1264): message : 查看对正在编译的函数 模板 实例化“std::_Tree_node<char [20],std::_Default_allocator_traits<_Alloc>::void_pointer> *std::_Tree<std::_Tset_traits<_Kty,_Pr,_Alloc,false>>::_Emplace_hint<const char(&)[20]>(std::_Tree_node<char [20],std::_Default_allocator_traits<_Alloc>::void_pointer> *const ,const char (&)[20])”的引用
          with
          [
              _Alloc=std::allocator<char [20]>,
              _Kty=char [20],
              _Pr=std::less<char [20]>
          ]
D:\CODE\CPP_CODE\C++ Primer Plus Code practice\chapter 17\code3\Project3\Project3\code3.cpp(506): message : 查看对正在编译的函数 模板 实例化“void std::_Tree<std::_Tset_traits<_Kty,_Pr,_Alloc,false>>::insert<std::_Tree_const_iterator<std::_Tree_val<std::_Tree_simple_types<char [20]>>>>(_Iter,_Iter)”的引用
          with
          [
              _Kty=char [20],
              _Pr=std::less<char [20]>,
              _Alloc=std::allocator<char [20]>,
              _Iter=std::_Tree_const_iterator<std::_Tree_val<std::_Tree_simple_types<char [20]>>>
          ]
D:\CODE\CPP_CODE\C++ Primer Plus Code practice\chapter 17\code3\Project3\Project3\code3.cpp(506): message : 查看对正在编译的函数 模板 实例化“void std::_Tree<std::_Tset_traits<_Kty,_Pr,_Alloc,false>>::insert<std::_Tree_const_iterator<std::_Tree_val<std::_Tree_simple_types<char [20]>>>>(_Iter,_Iter)”的引用
          with
          [
              _Kty=char [20],
              _Pr=std::less<char [20]>,
              _Alloc=std::allocator<char [20]>,
              _Iter=std::_Tree_const_iterator<std::_Tree_val<std::_Tree_simple_types<char [20]>>>
          ]
